<?xml version="1.0" encoding="UTF-8"?>
<!-- Generated by org.testng.reporters.JUnitXMLReporter -->
<testsuite ignored="0" hostname="DESKTOP-MNVU118" failures="0" tests="4" name="Default test" time="12.281" errors="0" timestamp="2026-02-09T18:37:59 IST">
  <testcase classname="api.test.UserTests" name="testPostUser" time="5.112"/>
  <testcase classname="api.test.UserTests" name="testGetUserByName" time="1.485"/>
  <testcase classname="api.test.UserTests" name="testUpdateUserByName" time="2.918"/>
  <testcase classname="api.test.UserTests" name="testDeleteUserByName" time="1.283"/>
</testsuite> <!-- Default test -->
