<?xml version="1.0" encoding="UTF-8"?>
<testng-results ignored="0" total="4" passed="4" failed="0" skipped="0">
  <reporter-output>
  </reporter-output>
  <suite started-at="2026-03-04T19:16:27 IST" name="PetSuite" finished-at="2026-03-04T19:16:41 IST" duration-ms="14374">
    <groups>
    </groups>
    <test started-at="2026-03-04T19:16:27 IST" name="PetTest" finished-at="2026-03-04T19:16:41 IST" duration-ms="14374">
      <class name="api.test.UserTests">
        <test-method is-config="true" signature="setupData()[pri:0, instance:api.test.UserTests@33065d67]" started-at="2026-03-04T19:16:27 IST" name="setupData" finished-at="2026-03-04T19:16:29 IST" duration-ms="1435" status="PASS">
          <reporter-output>
          </reporter-output>
        </test-method> <!-- setupData -->
        <test-method signature="testPostUser()[pri:1, instance:api.test.UserTests@33065d67]" started-at="2026-03-04T19:16:29 IST" name="testPostUser" finished-at="2026-03-04T19:16:34 IST" duration-ms="5114" status="PASS">
          <reporter-output>
          </reporter-output>
        </test-method> <!-- testPostUser -->
        <test-method signature="testGetUserByName()[pri:2, instance:api.test.UserTests@33065d67]" started-at="2026-03-04T19:16:34 IST" name="testGetUserByName" finished-at="2026-03-04T19:16:36 IST" duration-ms="1681" status="PASS">
          <reporter-output>
          </reporter-output>
        </test-method> <!-- testGetUserByName -->
        <test-method signature="testUpdateUserByName()[pri:3, instance:api.test.UserTests@33065d67]" started-at="2026-03-04T19:16:36 IST" name="testUpdateUserByName" finished-at="2026-03-04T19:16:39 IST" duration-ms="3851" status="PASS">
          <reporter-output>
          </reporter-output>
        </test-method> <!-- testUpdateUserByName -->
        <test-method signature="testDeleteUserByName()[pri:4, instance:api.test.UserTests@33065d67]" started-at="2026-03-04T19:16:39 IST" name="testDeleteUserByName" finished-at="2026-03-04T19:16:41 IST" duration-ms="1687" status="PASS">
          <reporter-output>
          </reporter-output>
        </test-method> <!-- testDeleteUserByName -->
      </class> <!-- api.test.UserTests -->
    </test> <!-- PetTest -->
  </suite> <!-- PetSuite -->
</testng-results>
