<?xml version="1.0" encoding="UTF-8"?>
<!-- Generated by org.testng.reporters.JUnitReportReporter -->
<testsuite hostname="DESKTOP-MNVU118" failures="0" tests="4" name="api.test.DDTests" time="8.909" errors="0" timestamp="2026-02-09T17:12:47 IST" skipped="0">
  <testcase classname="api.test.DDTests" name="testPostUser" time="1.399"/>
  <testcase classname="api.test.DDTests" name="testPostUser" time="4.718"/>
  <testcase classname="api.test.DDTests" name="testDeleteUser" time="1.318"/>
  <testcase classname="api.test.DDTests" name="testDeleteUser" time="1.474"/>
</testsuite> <!-- api.test.DDTests -->
