<?xml version="1.0" encoding="UTF-8"?>
<!-- Generated by org.testng.reporters.JUnitXMLReporter -->
<testsuite ignored="0" hostname="DESKTOP-MNVU118" failures="0" tests="4" name="PetTest" time="14.374" errors="0" timestamp="2026-03-04T19:16:43 IST">
  <testcase classname="api.test.UserTests" name="testPostUser" time="5.114"/>
  <testcase classname="api.test.UserTests" name="testGetUserByName" time="1.681"/>
  <testcase classname="api.test.UserTests" name="testUpdateUserByName" time="3.851"/>
  <testcase classname="api.test.UserTests" name="testDeleteUserByName" time="1.687"/>
</testsuite> <!-- PetTest -->
